Arguments: 
  C:\Program Files\nodejs\node.exe C:\Program Files (x86)\Yarn\bin\yarn.js add webpack webpack-cli --save-dev

PATH: 
  C:\Windows\system32;C:\Windows;C:\Windows\System32\Wbem;C:\Windows\System32\WindowsPowerShell\v1.0\;C:\php;C:\Program Files\nodejs\;C:\Program Files (x86)\NVIDIA Corporation\PhysX\Common;C:\WINDOWS\system32;C:\WINDOWS;C:\WINDOWS\System32\Wbem;C:\WINDOWS\System32\WindowsPowerShell\v1.0\;C:\ProgramData\ComposerSetup\bin;C:\Program Files\Git\cmd;C:\Program Files (x86)\Yarn\bin\;C:\Program Files (x86)\GtkSharp\2.12\bin;C:\Program Files (x86)\Bitvise SSH Client;C:\Users\SalvaCrea\AppData\Local\Programs\Python\Python36-32;;C:\WINDOWS\System32\OpenSSH\;C:\ProgramData\chocolatey\bin;C:\Users\SalvaCrea\AppData\Local\Programs\Python\Python36-32\Scripts\;C:\Users\SalvaCrea\AppData\Local\Programs\Python\Python36-32\;C:\Users\SalvaCrea\AppData\Roaming\npm;C:\Users\SalvaCrea\AppData\Local\Microsoft\WindowsApps;C:\Users\SalvaCrea\AppData\Roaming\Composer\vendor\bin;C:\Users\SalvaCrea\AppData\Local\atom\bin;C:\ngrok;C:\Users\SalvaCrea\AppData\Local\Yarn\bin;C:\Program Files\Microsoft VS Code\bin;C:\Users\SalvaCrea\AppData\Local\Microsoft\WindowsApps

Yarn version: 
  1.5.1

Node version: 
  9.3.0

Platform: 
  win32 x64

npm manifest: 
  {
    "name": "booba-robot",
    "version": "1.0.0",
    "description": "Little Robot With Rapsberry",
    "private": true,
    "main": "index.js",
    "scripts": {
      "test": "echo \"Error: no test specified\" && exit 1",
      "start": "sudo node index.js"
    },
    "repository": {
      "type": "git",
      "url": "git+https://github.com/SalvaCrea/Booba-The-Robot.git"
    },
    "author": "",
    "license": "ISC",
    "bugs": {
      "url": "https://github.com/SalvaCrea/Booba-The-Robot/issues"
    },
    "homepage": "https://github.com/SalvaCrea/Booba-The-Robot#readme",
    "dependencies": {
      "bootstrap": "^4.1.1",
      "child_process": "^1.0.2",
      "express": "^4.16.3",
      "lodash": "^4.17.10",
      "lodash.clonedeep": "^4.5.0",
      "node-gyp": "^3.6.2",
      "node-sass": "^4.9.0",
      "onoff": "^3.0.2",
      "pigpio": "^1.0.0",
      "react": "^16.3.2",
      "react-dom": "^16.3.2",
      "rebuild": "^0.1.2",
      "socket.io": "^2.1.0"
    }
  }

yarn manifest: 
  No manifest

Lockfile: 
  No lockfile

Trace: 
  Error: D:\Projets\Booba-The-Robot\node_modules\pigpio: Command failed.
  Exit code: 1
  Command: C:\WINDOWS\system32\cmd.exe
  Arguments: /d /s /c node-gyp rebuild
  Directory: D:\Projets\Booba-The-Robot\node_modules\pigpio
  Output:
  D:\Projets\Booba-The-Robot\node_modules\pigpio>if not defined npm_config_node_gyp (node "C:\Program Files\nodejs\node_modules\npm\bin\node-gyp-bin\\..\..\node_modules\node-gyp\bin\node-gyp.js" rebuild )  else (node "" rebuild ) 
  gyp info it worked if it ends with ok
  gyp info using node-gyp@3.6.2
  gyp info using node@9.3.0 | win32 | x64
  gyp ERR! configure error 
  gyp ERR! stack Error: Can't find Python executable "C:\Users\SalvaCrea\AppData\Local\Programs\Python\Python36-32\python.EXE", you can set the PYTHON env variable.
  gyp ERR! stack     at PythonFinder.failNoPython (C:\Program Files\nodejs\node_modules\npm\node_modules\node-gyp\lib\configure.js:483:19)
  gyp ERR! stack     at PythonFinder.<anonymous> (C:\Program Files\nodejs\node_modules\npm\node_modules\node-gyp\lib\configure.js:508:16)
  gyp ERR! stack     at C:\Program Files\nodejs\node_modules\npm\node_modules\graceful-fs\polyfills.js:284:29
  gyp ERR! stack     at FSReqWrap.oncomplete (fs.js:166:21)
  gyp ERR! System Windows_NT 10.0.17134
  gyp ERR! command "C:\\Program Files\\nodejs\\node.exe" "C:\\Program Files\\nodejs\\node_modules\\npm\\node_modules\\node-gyp\\bin\\node-gyp.js" "rebuild"
  gyp ERR! cwd D:\Projets\Booba-The-Robot\node_modules\pigpio
  gyp ERR! node -v v9.3.0
  gyp ERR! node-gyp -v v3.6.2
  gyp ERR! not ok
      at ProcessTermError.MessageError (C:\Program Files (x86)\Yarn\lib\cli.js:186:110)
      at new ProcessTermError (C:\Program Files (x86)\Yarn\lib\cli.js:226:113)
      at ChildProcess.<anonymous> (C:\Program Files (x86)\Yarn\lib\cli.js:30281:17)
      at ChildProcess.emit (events.js:159:13)
      at maybeClose (internal/child_process.js:943:16)
      at Socket.stream.socket.on (internal/child_process.js:363:11)
      at Socket.emit (events.js:159:13)
      at Pipe._handle.close [as _onclose] (net.js:568:12)
